<?xml version="1.0" encoding="UTF-8"?>
<testng-results skipped="0" failed="0" ignored="0" total="1" passed="1">
  <reporter-output>
  </reporter-output>
  <suite name="Default suite" duration-ms="9557" started-at="2021-07-14T23:48:23 EDT" finished-at="2021-07-14T23:48:32 EDT">
    <groups>
    </groups>
    <test name="Default test" duration-ms="9557" started-at="2021-07-14T23:48:23 EDT" finished-at="2021-07-14T23:48:32 EDT">
      <class name="com.smoke.Zooplarun">
        <test-method status="PASS" signature="setup()[pri:0, instance:com.smoke.Zooplarun@3cb1ffe6]" name="setup" is-config="true" duration-ms="5004" started-at="2021-07-14T23:48:23 EDT" finished-at="2021-07-14T23:48:28 EDT">
          <reporter-output>
          </reporter-output>
        </test-method> <!-- setup -->
        <test-method status="PASS" signature="loginTest()[pri:0, instance:com.smoke.Zooplarun@3cb1ffe6]" name="loginTest" duration-ms="4143" started-at="2021-07-14T23:48:28 EDT" finished-at="2021-07-14T23:48:32 EDT">
          <reporter-output>
          </reporter-output>
        </test-method> <!-- loginTest -->
        <test-method status="PASS" signature="teardown()[pri:0, instance:com.smoke.Zooplarun@3cb1ffe6]" name="teardown" is-config="true" duration-ms="375" started-at="2021-07-14T23:48:32 EDT" finished-at="2021-07-14T23:48:32 EDT">
          <reporter-output>
          </reporter-output>
        </test-method> <!-- teardown -->
      </class> <!-- com.smoke.Zooplarun -->
    </test> <!-- Default test -->
  </suite> <!-- Default suite -->
</testng-results>
